{"C:\\Users\\lucas\\Documents\\GitHub\\barbearia-app\\backend\\src\\database\\database.js": {"path":"C:\\Users\\lucas\\Documents\\GitHub\\barbearia-app\\backend\\src\\database\\database.js","statementMap":{"0":{"start":{"line":1,"column":0},"end":{"line":1,"column":27}},"1":{"start":{"line":2,"column":17},"end":{"line":2,"column":30}},"2":{"start":{"line":4,"column":11},"end":{"line":10,"column":2}},"3":{"start":{"line":12,"column":0},"end":{"line":12,"column":20}}},"fnMap":{},"branchMap":{"0":{"loc":{"start":{"line":7,"column":4},"end":{"line":9,"column":13}},"type":"cond-expr","locations":[{"start":{"line":8,"column":8},"end":{"line":8,"column":37}},{"start":{"line":9,"column":8},"end":{"line":9,"column":13}}],"line":7}},"s":{"0":1,"1":1,"2":1,"3":1},"f":{},"b":{"0":[0,1]},"_coverageSchema":"1a1c01bbd47fc00a2c39e90264f33305004495a9","hash":"68057ae0ba702670a8d1ab0d4c81d2148b46fd81"}
,"C:\\Users\\lucas\\Documents\\GitHub\\barbearia-app\\backend\\src\\services\\agendamentoService.js": {"path":"C:\\Users\\lucas\\Documents\\GitHub\\barbearia-app\\backend\\src\\services\\agendamentoService.js","statementMap":{"0":{"start":{"line":1,"column":15},"end":{"line":1,"column":46}},"1":{"start":{"line":2,"column":15},"end":{"line":2,"column":35}},"2":{"start":{"line":5,"column":27},"end":{"line":5,"column":54}},"3":{"start":{"line":6,"column":2},"end":{"line":6,"column":30}},"4":{"start":{"line":10,"column":15},"end":{"line":10,"column":33}},"5":{"start":{"line":11,"column":15},"end":{"line":11,"column":33}},"6":{"start":{"line":13,"column":2},"end":{"line":13,"column":42}},"7":{"start":{"line":17,"column":2},"end":{"line":19,"column":3}},"8":{"start":{"line":18,"column":4},"end":{"line":18,"column":27}},"9":{"start":{"line":21,"column":18},"end":{"line":24,"column":3}},"10":{"start":{"line":26,"column":2},"end":{"line":28,"column":3}},"11":{"start":{"line":27,"column":4},"end":{"line":27,"column":68}},"12":{"start":{"line":30,"column":2},"end":{"line":30,"column":28}},"13":{"start":{"line":34,"column":51},"end":{"line":34,"column":56}},"14":{"start":{"line":35,"column":20},"end":{"line":35,"column":51}},"15":{"start":{"line":37,"column":2},"end":{"line":40,"column":3}},"16":{"start":{"line":38,"column":4},"end":{"line":38,"column":64}},"17":{"start":{"line":39,"column":4},"end":{"line":39,"column":56}},"18":{"start":{"line":42,"column":18},"end":{"line":45,"column":3}},"19":{"start":{"line":47,"column":2},"end":{"line":49,"column":3}},"20":{"start":{"line":48,"column":4},"end":{"line":48,"column":57}},"21":{"start":{"line":51,"column":28},"end":{"line":61,"column":3}},"22":{"start":{"line":63,"column":32},"end":{"line":63,"column":56}},"23":{"start":{"line":64,"column":33},"end":{"line":64,"column":64}},"24":{"start":{"line":65,"column":25},"end":{"line":72,"column":3}},"25":{"start":{"line":66,"column":4},"end":{"line":71,"column":5}},"26":{"start":{"line":74,"column":2},"end":{"line":77,"column":3}},"27":{"start":{"line":75,"column":4},"end":{"line":75,"column":104}},"28":{"start":{"line":76,"column":4},"end":{"line":76,"column":68}},"29":{"start":{"line":79,"column":20},"end":{"line":83,"column":3}},"30":{"start":{"line":85,"column":13},"end":{"line":85,"column":33}},"31":{"start":{"line":86,"column":2},"end":{"line":86,"column":102}},"32":{"start":{"line":88,"column":2},"end":{"line":88,"column":61}},"33":{"start":{"line":92,"column":20},"end":{"line":106,"column":4}},"34":{"start":{"line":108,"column":2},"end":{"line":108,"column":94}},"35":{"start":{"line":110,"column":2},"end":{"line":110,"column":24}},"36":{"start":{"line":114,"column":22},"end":{"line":117,"column":3}},"37":{"start":{"line":119,"column":2},"end":{"line":122,"column":3}},"38":{"start":{"line":120,"column":4},"end":{"line":120,"column":77}},"39":{"start":{"line":121,"column":4},"end":{"line":121,"column":50}},"40":{"start":{"line":124,"column":2},"end":{"line":127,"column":3}},"41":{"start":{"line":125,"column":4},"end":{"line":125,"column":78}},"42":{"start":{"line":126,"column":4},"end":{"line":126,"column":53}},"43":{"start":{"line":129,"column":2},"end":{"line":132,"column":4}},"44":{"start":{"line":134,"column":2},"end":{"line":134,"column":51}},"45":{"start":{"line":136,"column":2},"end":{"line":136,"column":60}},"46":{"start":{"line":139,"column":0},"end":{"line":139,"column":79}}},"fnMap":{"0":{"name":"horaParaMinutos","decl":{"start":{"line":4,"column":9},"end":{"line":4,"column":24}},"loc":{"start":{"line":4,"column":31},"end":{"line":7,"column":1}},"line":4},"1":{"name":"horariosSobrepostos","decl":{"start":{"line":9,"column":9},"end":{"line":9,"column":28}},"loc":{"start":{"line":9,"column":67},"end":{"line":14,"column":1}},"line":9},"2":{"name":"obterClienteId","decl":{"start":{"line":16,"column":15},"end":{"line":16,"column":29}},"loc":{"start":{"line":16,"column":41},"end":{"line":31,"column":1}},"line":16},"3":{"name":"criarAgendamento","decl":{"start":{"line":33,"column":15},"end":{"line":33,"column":31}},"loc":{"start":{"line":33,"column":52},"end":{"line":89,"column":1}},"line":33},"4":{"name":"(anonymous_4)","decl":{"start":{"line":65,"column":53},"end":{"line":65,"column":54}},"loc":{"start":{"line":66,"column":4},"end":{"line":71,"column":5}},"line":66},"5":{"name":"listarAgendamentos","decl":{"start":{"line":91,"column":15},"end":{"line":91,"column":33}},"loc":{"start":{"line":91,"column":47},"end":{"line":111,"column":1}},"line":91},"6":{"name":"cancelarAgendamento","decl":{"start":{"line":113,"column":15},"end":{"line":113,"column":34}},"loc":{"start":{"line":113,"column":52},"end":{"line":137,"column":1}},"line":113}},"branchMap":{"0":{"loc":{"start":{"line":13,"column":9},"end":{"line":13,"column":41}},"type":"binary-expr","locations":[{"start":{"line":13,"column":9},"end":{"line":13,"column":23}},{"start":{"line":13,"column":27},"end":{"line":13,"column":41}}],"line":13},"1":{"loc":{"start":{"line":17,"column":2},"end":{"line":19,"column":3}},"type":"if","locations":[{"start":{"line":17,"column":2},"end":{"line":19,"column":3}},{"start":{},"end":{}}],"line":17},"2":{"loc":{"start":{"line":26,"column":2},"end":{"line":28,"column":3}},"type":"if","locations":[{"start":{"line":26,"column":2},"end":{"line":28,"column":3}},{"start":{},"end":{}}],"line":26},"3":{"loc":{"start":{"line":33,"column":39},"end":{"line":33,"column":50}},"type":"default-arg","locations":[{"start":{"line":33,"column":44},"end":{"line":33,"column":50}}],"line":33},"4":{"loc":{"start":{"line":37,"column":2},"end":{"line":40,"column":3}},"type":"if","locations":[{"start":{"line":37,"column":2},"end":{"line":40,"column":3}},{"start":{},"end":{}}],"line":37},"5":{"loc":{"start":{"line":37,"column":6},"end":{"line":37,"column":66}},"type":"binary-expr","locations":[{"start":{"line":37,"column":6},"end":{"line":37,"column":16}},{"start":{"line":37,"column":20},"end":{"line":37,"column":31}},{"start":{"line":37,"column":35},"end":{"line":37,"column":40}},{"start":{"line":37,"column":44},"end":{"line":37,"column":52}},{"start":{"line":37,"column":56},"end":{"line":37,"column":66}}],"line":37},"6":{"loc":{"start":{"line":47,"column":2},"end":{"line":49,"column":3}},"type":"if","locations":[{"start":{"line":47,"column":2},"end":{"line":49,"column":3}},{"start":{},"end":{}}],"line":47},"7":{"loc":{"start":{"line":47,"column":6},"end":{"line":47,"column":57}},"type":"binary-expr","locations":[{"start":{"line":47,"column":6},"end":{"line":47,"column":31}},{"start":{"line":47,"column":35},"end":{"line":47,"column":57}}],"line":47},"8":{"loc":{"start":{"line":74,"column":2},"end":{"line":77,"column":3}},"type":"if","locations":[{"start":{"line":74,"column":2},"end":{"line":77,"column":3}},{"start":{},"end":{}}],"line":74},"9":{"loc":{"start":{"line":91,"column":34},"end":{"line":91,"column":45}},"type":"default-arg","locations":[{"start":{"line":91,"column":39},"end":{"line":91,"column":45}}],"line":91},"10":{"loc":{"start":{"line":113,"column":39},"end":{"line":113,"column":50}},"type":"default-arg","locations":[{"start":{"line":113,"column":44},"end":{"line":113,"column":50}}],"line":113},"11":{"loc":{"start":{"line":119,"column":2},"end":{"line":122,"column":3}},"type":"if","locations":[{"start":{"line":119,"column":2},"end":{"line":122,"column":3}},{"start":{},"end":{}}],"line":119},"12":{"loc":{"start":{"line":124,"column":2},"end":{"line":127,"column":3}},"type":"if","locations":[{"start":{"line":124,"column":2},"end":{"line":127,"column":3}},{"start":{},"end":{}}],"line":124}},"s":{"0":1,"1":1,"2":6,"3":6,"4":2,"5":2,"6":2,"7":8,"8":6,"9":2,"10":2,"11":1,"12":1,"13":8,"14":8,"15":7,"16":1,"17":1,"18":6,"19":6,"20":2,"21":4,"22":4,"23":4,"24":4,"25":2,"26":4,"27":1,"28":1,"29":3,"30":3,"31":3,"32":3,"33":1,"34":1,"35":1,"36":3,"37":3,"38":1,"39":1,"40":2,"41":1,"42":1,"43":1,"44":1,"45":1,"46":1},"f":{"0":6,"1":2,"2":8,"3":8,"4":2,"5":1,"6":3},"b":{"0":[2,1],"1":[6,2],"2":[1,1],"3":[0],"4":[1,6],"5":[7,7,7,7,6],"6":[2,4],"7":[6,5],"8":[1,3],"9":[0],"10":[0],"11":[1,2],"12":[1,1]},"_coverageSchema":"1a1c01bbd47fc00a2c39e90264f33305004495a9","hash":"0c684b21a54430ded41001a85e233a1837fcf403"}
}
