{"C:\\Users\\lucas\\Documents\\GitHub\\barbearia-app\\backend\\src\\services\\agendamentoService.js": {"path":"C:\\Users\\lucas\\Documents\\GitHub\\barbearia-app\\backend\\src\\services\\agendamentoService.js","statementMap":{"0":{"start":{"line":1,"column":0},"end":{"line":1,"column":27}},"1":{"start":{"line":3,"column":17},"end":{"line":3,"column":30}},"2":{"start":{"line":9,"column":4},"end":{"line":9,"column":45}},"3":{"start":{"line":17,"column":0},"end":{"line":26,"column":3}},"4":{"start":{"line":18,"column":2},"end":{"line":24,"column":5}},"5":{"start":{"line":25,"column":2},"end":{"line":25,"column":32}},"6":{"start":{"line":28,"column":0},"end":{"line":31,"column":3}},"7":{"start":{"line":29,"column":2},"end":{"line":29,"column":19}},"8":{"start":{"line":30,"column":2},"end":{"line":30,"column":19}},"9":{"start":{"line":33,"column":0},"end":{"line":53,"column":3}},"10":{"start":{"line":34,"column":2},"end":{"line":34,"column":30}},"11":{"start":{"line":36,"column":18},"end":{"line":39,"column":3}},"12":{"start":{"line":40,"column":2},"end":{"line":40,"column":33}},"13":{"start":{"line":42,"column":19},"end":{"line":45,"column":3}},"14":{"start":{"line":46,"column":2},"end":{"line":46,"column":35}},"15":{"start":{"line":48,"column":18},"end":{"line":51,"column":3}},"16":{"start":{"line":52,"column":2},"end":{"line":52,"column":33}},"17":{"start":{"line":55,"column":0},"end":{"line":57,"column":3}},"18":{"start":{"line":56,"column":2},"end":{"line":56,"column":33}},"19":{"start":{"line":59,"column":0},"end":{"line":122,"column":3}},"20":{"start":{"line":60,"column":2},"end":{"line":74,"column":5}},"21":{"start":{"line":61,"column":22},"end":{"line":70,"column":5}},"22":{"start":{"line":72,"column":4},"end":{"line":72,"column":71}},"23":{"start":{"line":73,"column":4},"end":{"line":73,"column":39}},"24":{"start":{"line":76,"column":2},"end":{"line":80,"column":5}},"25":{"start":{"line":77,"column":4},"end":{"line":79,"column":58}},"26":{"start":{"line":82,"column":2},"end":{"line":95,"column":5}},"27":{"start":{"line":83,"column":4},"end":{"line":94,"column":59}},"28":{"start":{"line":97,"column":2},"end":{"line":121,"column":5}},"29":{"start":{"line":98,"column":4},"end":{"line":107,"column":6}},"30":{"start":{"line":109,"column":4},"end":{"line":120,"column":70}},"31":{"start":{"line":124,"column":0},"end":{"line":141,"column":3}},"32":{"start":{"line":125,"column":2},"end":{"line":140,"column":5}},"33":{"start":{"line":126,"column":4},"end":{"line":135,"column":6}},"34":{"start":{"line":137,"column":25},"end":{"line":137,"column":57}},"35":{"start":{"line":138,"column":4},"end":{"line":138,"column":51}},"36":{"start":{"line":139,"column":4},"end":{"line":139,"column":51}},"37":{"start":{"line":143,"column":0},"end":{"line":184,"column":3}},"38":{"start":{"line":144,"column":2},"end":{"line":158,"column":5}},"39":{"start":{"line":145,"column":24},"end":{"line":154,"column":5}},"40":{"start":{"line":156,"column":22},"end":{"line":156,"column":71}},"41":{"start":{"line":157,"column":4},"end":{"line":157,"column":74}},"42":{"start":{"line":160,"column":2},"end":{"line":164,"column":5}},"43":{"start":{"line":161,"column":4},"end":{"line":163,"column":6}},"44":{"start":{"line":166,"column":2},"end":{"line":183,"column":5}},"45":{"start":{"line":167,"column":24},"end":{"line":176,"column":5}},"46":{"start":{"line":178,"column":4},"end":{"line":178,"column":54}},"47":{"start":{"line":180,"column":4},"end":{"line":182,"column":6}}},"fnMap":{"0":{"name":"(anonymous_0)","decl":{"start":{"line":17,"column":10},"end":{"line":17,"column":11}},"loc":{"start":{"line":17,"column":22},"end":{"line":26,"column":1}},"line":17},"1":{"name":"(anonymous_1)","decl":{"start":{"line":28,"column":9},"end":{"line":28,"column":10}},"loc":{"start":{"line":28,"column":21},"end":{"line":31,"column":1}},"line":28},"2":{"name":"(anonymous_2)","decl":{"start":{"line":33,"column":11},"end":{"line":33,"column":12}},"loc":{"start":{"line":33,"column":23},"end":{"line":53,"column":1}},"line":33},"3":{"name":"(anonymous_3)","decl":{"start":{"line":55,"column":10},"end":{"line":55,"column":11}},"loc":{"start":{"line":55,"column":22},"end":{"line":57,"column":1}},"line":55},"4":{"name":"(anonymous_4)","decl":{"start":{"line":59,"column":29},"end":{"line":59,"column":30}},"loc":{"start":{"line":59,"column":35},"end":{"line":122,"column":1}},"line":59},"5":{"name":"(anonymous_5)","decl":{"start":{"line":60,"column":54},"end":{"line":60,"column":55}},"loc":{"start":{"line":60,"column":66},"end":{"line":74,"column":3}},"line":60},"6":{"name":"(anonymous_6)","decl":{"start":{"line":76,"column":69},"end":{"line":76,"column":70}},"loc":{"start":{"line":76,"column":81},"end":{"line":80,"column":3}},"line":76},"7":{"name":"(anonymous_7)","decl":{"start":{"line":82,"column":71},"end":{"line":82,"column":72}},"loc":{"start":{"line":82,"column":83},"end":{"line":95,"column":3}},"line":82},"8":{"name":"(anonymous_8)","decl":{"start":{"line":97,"column":71},"end":{"line":97,"column":72}},"loc":{"start":{"line":97,"column":83},"end":{"line":121,"column":3}},"line":97},"9":{"name":"(anonymous_9)","decl":{"start":{"line":124,"column":31},"end":{"line":124,"column":32}},"loc":{"start":{"line":124,"column":37},"end":{"line":141,"column":1}},"line":124},"10":{"name":"(anonymous_10)","decl":{"start":{"line":125,"column":50},"end":{"line":125,"column":51}},"loc":{"start":{"line":125,"column":62},"end":{"line":140,"column":3}},"line":125},"11":{"name":"(anonymous_11)","decl":{"start":{"line":143,"column":32},"end":{"line":143,"column":33}},"loc":{"start":{"line":143,"column":38},"end":{"line":184,"column":1}},"line":143},"12":{"name":"(anonymous_12)","decl":{"start":{"line":144,"column":49},"end":{"line":144,"column":50}},"loc":{"start":{"line":144,"column":61},"end":{"line":158,"column":3}},"line":144},"13":{"name":"(anonymous_13)","decl":{"start":{"line":160,"column":54},"end":{"line":160,"column":55}},"loc":{"start":{"line":160,"column":66},"end":{"line":164,"column":3}},"line":160},"14":{"name":"(anonymous_14)","decl":{"start":{"line":166,"column":63},"end":{"line":166,"column":64}},"loc":{"start":{"line":166,"column":75},"end":{"line":183,"column":3}},"line":166}},"branchMap":{"0":{"loc":{"start":{"line":21,"column":6},"end":{"line":23,"column":15}},"type":"cond-expr","locations":[{"start":{"line":22,"column":10},"end":{"line":22,"column":39}},{"start":{"line":23,"column":10},"end":{"line":23,"column":15}}],"line":21}},"s":{"0":0,"1":0,"2":0,"3":0,"4":0,"5":0,"6":0,"7":0,"8":0,"9":0,"10":0,"11":0,"12":0,"13":0,"14":0,"15":0,"16":0,"17":0,"18":0,"19":0,"20":0,"21":0,"22":0,"23":0,"24":0,"25":0,"26":0,"27":0,"28":0,"29":0,"30":0,"31":0,"32":0,"33":0,"34":0,"35":0,"36":0,"37":0,"38":0,"39":0,"40":0,"41":0,"42":0,"43":0,"44":0,"45":0,"46":0,"47":0},"f":{"0":0,"1":0,"2":0,"3":0,"4":0,"5":0,"6":0,"7":0,"8":0,"9":0,"10":0,"11":0,"12":0,"13":0,"14":0},"b":{"0":[0,0]}}
,"C:\\Users\\lucas\\Documents\\GitHub\\barbearia-app\\backend\\src\\services\\authService.js": {"path":"C:\\Users\\lucas\\Documents\\GitHub\\barbearia-app\\backend\\src\\services\\authService.js","statementMap":{"0":{"start":{"line":1,"column":15},"end":{"line":1,"column":34}},"1":{"start":{"line":2,"column":12},"end":{"line":2,"column":35}},"2":{"start":{"line":3,"column":15},"end":{"line":3,"column":46}},"3":{"start":{"line":5,"column":19},"end":{"line":5,"column":41}},"4":{"start":{"line":8,"column":43},"end":{"line":8,"column":48}},"5":{"start":{"line":10,"column":2},"end":{"line":12,"column":3}},"6":{"start":{"line":11,"column":4},"end":{"line":11,"column":56}},"7":{"start":{"line":14,"column":27},"end":{"line":17,"column":3}},"8":{"start":{"line":19,"column":2},"end":{"line":21,"column":3}},"9":{"start":{"line":20,"column":4},"end":{"line":20,"column":43}},"10":{"start":{"line":23,"column":29},"end":{"line":23,"column":57}},"11":{"start":{"line":25,"column":18},"end":{"line":28,"column":3}},"12":{"start":{"line":30,"column":20},"end":{"line":30,"column":38}},"13":{"start":{"line":32,"column":18},"end":{"line":35,"column":3}},"14":{"start":{"line":37,"column":2},"end":{"line":40,"column":4}},"15":{"start":{"line":44,"column":27},"end":{"line":44,"column":32}},"16":{"start":{"line":46,"column":2},"end":{"line":48,"column":3}},"17":{"start":{"line":47,"column":4},"end":{"line":47,"column":54}},"18":{"start":{"line":50,"column":20},"end":{"line":52,"column":4}},"19":{"start":{"line":54,"column":2},"end":{"line":56,"column":3}},"20":{"start":{"line":55,"column":4},"end":{"line":55,"column":48}},"21":{"start":{"line":58,"column":18},"end":{"line":58,"column":35}},"22":{"start":{"line":60,"column":23},"end":{"line":60,"column":65}},"23":{"start":{"line":62,"column":2},"end":{"line":64,"column":3}},"24":{"start":{"line":63,"column":4},"end":{"line":63,"column":48}},"25":{"start":{"line":66,"column":16},"end":{"line":68,"column":4}},"26":{"start":{"line":70,"column":2},"end":{"line":74,"column":4}},"27":{"start":{"line":77,"column":0},"end":{"line":77,"column":45}}},"fnMap":{"0":{"name":"cadastrarCliente","decl":{"start":{"line":7,"column":15},"end":{"line":7,"column":31}},"loc":{"start":{"line":7,"column":52},"end":{"line":41,"column":1}},"line":7},"1":{"name":"login","decl":{"start":{"line":43,"column":15},"end":{"line":43,"column":20}},"loc":{"start":{"line":43,"column":41},"end":{"line":75,"column":1}},"line":43}},"branchMap":{"0":{"loc":{"start":{"line":7,"column":39},"end":{"line":7,"column":50}},"type":"default-arg","locations":[{"start":{"line":7,"column":44},"end":{"line":7,"column":50}}],"line":7},"1":{"loc":{"start":{"line":10,"column":2},"end":{"line":12,"column":3}},"type":"if","locations":[{"start":{"line":10,"column":2},"end":{"line":12,"column":3}},{"start":{},"end":{}}],"line":10},"2":{"loc":{"start":{"line":10,"column":6},"end":{"line":10,"column":44}},"type":"binary-expr","locations":[{"start":{"line":10,"column":6},"end":{"line":10,"column":11}},{"start":{"line":10,"column":15},"end":{"line":10,"column":24}},{"start":{"line":10,"column":28},"end":{"line":10,"column":34}},{"start":{"line":10,"column":38},"end":{"line":10,"column":44}}],"line":10},"3":{"loc":{"start":{"line":19,"column":2},"end":{"line":21,"column":3}},"type":"if","locations":[{"start":{"line":19,"column":2},"end":{"line":21,"column":3}},{"start":{},"end":{}}],"line":19},"4":{"loc":{"start":{"line":43,"column":28},"end":{"line":43,"column":39}},"type":"default-arg","locations":[{"start":{"line":43,"column":33},"end":{"line":43,"column":39}}],"line":43},"5":{"loc":{"start":{"line":46,"column":2},"end":{"line":48,"column":3}},"type":"if","locations":[{"start":{"line":46,"column":2},"end":{"line":48,"column":3}},{"start":{},"end":{}}],"line":46},"6":{"loc":{"start":{"line":46,"column":6},"end":{"line":46,"column":22}},"type":"binary-expr","locations":[{"start":{"line":46,"column":6},"end":{"line":46,"column":12}},{"start":{"line":46,"column":16},"end":{"line":46,"column":22}}],"line":46},"7":{"loc":{"start":{"line":54,"column":2},"end":{"line":56,"column":3}},"type":"if","locations":[{"start":{"line":54,"column":2},"end":{"line":56,"column":3}},{"start":{},"end":{}}],"line":54},"8":{"loc":{"start":{"line":62,"column":2},"end":{"line":64,"column":3}},"type":"if","locations":[{"start":{"line":62,"column":2},"end":{"line":64,"column":3}},{"start":{},"end":{}}],"line":62}},"s":{"0":0,"1":0,"2":0,"3":0,"4":0,"5":0,"6":0,"7":0,"8":0,"9":0,"10":0,"11":0,"12":0,"13":0,"14":0,"15":0,"16":0,"17":0,"18":0,"19":0,"20":0,"21":0,"22":0,"23":0,"24":0,"25":0,"26":0,"27":0},"f":{"0":0,"1":0},"b":{"0":[0],"1":[0,0],"2":[0,0,0,0],"3":[0,0],"4":[0],"5":[0,0],"6":[0,0],"7":[0,0],"8":[0,0]}}
,"C:\\Users\\lucas\\Documents\\GitHub\\barbearia-app\\backend\\src\\services\\barbeiroService.js": {"path":"C:\\Users\\lucas\\Documents\\GitHub\\barbearia-app\\backend\\src\\services\\barbeiroService.js","statementMap":{"0":{"start":{"line":1,"column":15},"end":{"line":1,"column":46}},"1":{"start":{"line":2,"column":15},"end":{"line":2,"column":34}},"2":{"start":{"line":5,"column":48},"end":{"line":5,"column":53}},"3":{"start":{"line":7,"column":2},"end":{"line":9,"column":3}},"4":{"start":{"line":8,"column":4},"end":{"line":8,"column":75}},"5":{"start":{"line":11,"column":25},"end":{"line":14,"column":3}},"6":{"start":{"line":16,"column":2},"end":{"line":18,"column":3}},"7":{"start":{"line":17,"column":4},"end":{"line":17,"column":59}},"8":{"start":{"line":20,"column":24},"end":{"line":23,"column":3}},"9":{"start":{"line":25,"column":2},"end":{"line":27,"column":3}},"10":{"start":{"line":26,"column":4},"end":{"line":26,"column":59}},"11":{"start":{"line":29,"column":29},"end":{"line":29,"column":57}},"12":{"start":{"line":31,"column":18},"end":{"line":34,"column":3}},"13":{"start":{"line":36,"column":20},"end":{"line":36,"column":38}},"14":{"start":{"line":38,"column":20},"end":{"line":41,"column":3}},"15":{"start":{"line":43,"column":2},"end":{"line":43,"column":80}},"16":{"start":{"line":47,"column":20},"end":{"line":47,"column":61}},"17":{"start":{"line":48,"column":2},"end":{"line":48,"column":24}},"18":{"start":{"line":51,"column":0},"end":{"line":51,"column":52}}},"fnMap":{"0":{"name":"criarBarbeiro","decl":{"start":{"line":4,"column":15},"end":{"line":4,"column":28}},"loc":{"start":{"line":4,"column":49},"end":{"line":44,"column":1}},"line":4},"1":{"name":"listarBarbeiros","decl":{"start":{"line":46,"column":15},"end":{"line":46,"column":30}},"loc":{"start":{"line":46,"column":44},"end":{"line":49,"column":1}},"line":46}},"branchMap":{"0":{"loc":{"start":{"line":4,"column":36},"end":{"line":4,"column":47}},"type":"default-arg","locations":[{"start":{"line":4,"column":41},"end":{"line":4,"column":47}}],"line":4},"1":{"loc":{"start":{"line":7,"column":2},"end":{"line":9,"column":3}},"type":"if","locations":[{"start":{"line":7,"column":2},"end":{"line":9,"column":3}},{"start":{},"end":{}}],"line":7},"2":{"loc":{"start":{"line":7,"column":6},"end":{"line":7,"column":49}},"type":"binary-expr","locations":[{"start":{"line":7,"column":6},"end":{"line":7,"column":11}},{"start":{"line":7,"column":15},"end":{"line":7,"column":29}},{"start":{"line":7,"column":33},"end":{"line":7,"column":39}},{"start":{"line":7,"column":43},"end":{"line":7,"column":49}}],"line":7},"3":{"loc":{"start":{"line":16,"column":2},"end":{"line":18,"column":3}},"type":"if","locations":[{"start":{"line":16,"column":2},"end":{"line":18,"column":3}},{"start":{},"end":{}}],"line":16},"4":{"loc":{"start":{"line":25,"column":2},"end":{"line":27,"column":3}},"type":"if","locations":[{"start":{"line":25,"column":2},"end":{"line":27,"column":3}},{"start":{},"end":{}}],"line":25},"5":{"loc":{"start":{"line":46,"column":31},"end":{"line":46,"column":42}},"type":"default-arg","locations":[{"start":{"line":46,"column":36},"end":{"line":46,"column":42}}],"line":46}},"s":{"0":0,"1":0,"2":0,"3":0,"4":0,"5":0,"6":0,"7":0,"8":0,"9":0,"10":0,"11":0,"12":0,"13":0,"14":0,"15":0,"16":0,"17":0,"18":0},"f":{"0":0,"1":0},"b":{"0":[0],"1":[0,0],"2":[0,0,0,0],"3":[0,0],"4":[0,0],"5":[0]}}
,"C:\\Users\\lucas\\Documents\\GitHub\\barbearia-app\\backend\\src\\services\\clienteService.js": {"path":"C:\\Users\\lucas\\Documents\\GitHub\\barbearia-app\\backend\\src\\services\\clienteService.js","statementMap":{"0":{"start":{"line":1,"column":15},"end":{"line":1,"column":46}},"1":{"start":{"line":4,"column":29},"end":{"line":4,"column":34}},"2":{"start":{"line":6,"column":2},"end":{"line":8,"column":3}},"3":{"start":{"line":7,"column":4},"end":{"line":7,"column":56}},"4":{"start":{"line":10,"column":27},"end":{"line":13,"column":3}},"5":{"start":{"line":15,"column":2},"end":{"line":17,"column":3}},"6":{"start":{"line":16,"column":4},"end":{"line":16,"column":62}},"7":{"start":{"line":19,"column":20},"end":{"line":22,"column":3}},"8":{"start":{"line":24,"column":2},"end":{"line":24,"column":79}},"9":{"start":{"line":28,"column":20},"end":{"line":28,"column":60}},"10":{"start":{"line":29,"column":2},"end":{"line":29,"column":24}},"11":{"start":{"line":32,"column":0},"end":{"line":32,"column":50}}},"fnMap":{"0":{"name":"criarCliente","decl":{"start":{"line":3,"column":15},"end":{"line":3,"column":27}},"loc":{"start":{"line":3,"column":48},"end":{"line":25,"column":1}},"line":3},"1":{"name":"listarClientes","decl":{"start":{"line":27,"column":15},"end":{"line":27,"column":29}},"loc":{"start":{"line":27,"column":43},"end":{"line":30,"column":1}},"line":27}},"branchMap":{"0":{"loc":{"start":{"line":3,"column":35},"end":{"line":3,"column":46}},"type":"default-arg","locations":[{"start":{"line":3,"column":40},"end":{"line":3,"column":46}}],"line":3},"1":{"loc":{"start":{"line":6,"column":2},"end":{"line":8,"column":3}},"type":"if","locations":[{"start":{"line":6,"column":2},"end":{"line":8,"column":3}},{"start":{},"end":{}}],"line":6},"2":{"loc":{"start":{"line":6,"column":6},"end":{"line":6,"column":24}},"type":"binary-expr","locations":[{"start":{"line":6,"column":6},"end":{"line":6,"column":11}},{"start":{"line":6,"column":15},"end":{"line":6,"column":24}}],"line":6},"3":{"loc":{"start":{"line":15,"column":2},"end":{"line":17,"column":3}},"type":"if","locations":[{"start":{"line":15,"column":2},"end":{"line":17,"column":3}},{"start":{},"end":{}}],"line":15},"4":{"loc":{"start":{"line":27,"column":30},"end":{"line":27,"column":41}},"type":"default-arg","locations":[{"start":{"line":27,"column":35},"end":{"line":27,"column":41}}],"line":27}},"s":{"0":0,"1":0,"2":0,"3":0,"4":0,"5":0,"6":0,"7":0,"8":0,"9":0,"10":0,"11":0},"f":{"0":0,"1":0},"b":{"0":[0],"1":[0,0],"2":[0,0],"3":[0,0],"4":[0]}}
,"C:\\Users\\lucas\\Documents\\GitHub\\barbearia-app\\backend\\src\\services\\disponibilidadeService.js": {"path":"C:\\Users\\lucas\\Documents\\GitHub\\barbearia-app\\backend\\src\\services\\disponibilidadeService.js","statementMap":{"0":{"start":{"line":1,"column":15},"end":{"line":1,"column":46}},"1":{"start":{"line":3,"column":23},"end":{"line":3,"column":30}},"2":{"start":{"line":4,"column":20},"end":{"line":4,"column":27}},"3":{"start":{"line":5,"column":26},"end":{"line":5,"column":28}},"4":{"start":{"line":8,"column":27},"end":{"line":8,"column":54}},"5":{"start":{"line":9,"column":2},"end":{"line":9,"column":30}},"6":{"start":{"line":13,"column":16},"end":{"line":13,"column":40}},"7":{"start":{"line":14,"column":15},"end":{"line":14,"column":27}},"8":{"start":{"line":15,"column":2},"end":{"line":15,"column":78}},"9":{"start":{"line":19,"column":19},"end":{"line":19,"column":21}},"10":{"start":{"line":20,"column":17},"end":{"line":20,"column":48}},"11":{"start":{"line":21,"column":14},"end":{"line":21,"column":42}},"12":{"start":{"line":23,"column":2},"end":{"line":25,"column":3}},"13":{"start":{"line":23,"column":21},"end":{"line":23,"column":27}},"14":{"start":{"line":24,"column":4},"end":{"line":24,"column":44}},"15":{"start":{"line":27,"column":2},"end":{"line":27,"column":18}},"16":{"start":{"line":31,"column":2},"end":{"line":33,"column":3}},"17":{"start":{"line":32,"column":4},"end":{"line":32,"column":56}},"18":{"start":{"line":35,"column":20},"end":{"line":44,"column":24}},"19":{"start":{"line":46,"column":27},"end":{"line":46,"column":36}},"20":{"start":{"line":48,"column":2},"end":{"line":55,"column":5}},"21":{"start":{"line":49,"column":26},"end":{"line":49,"column":62}},"22":{"start":{"line":50,"column":27},"end":{"line":50,"column":54}},"23":{"start":{"line":52,"column":4},"end":{"line":54,"column":5}},"24":{"start":{"line":52,"column":23},"end":{"line":52,"column":36}},"25":{"start":{"line":53,"column":6},"end":{"line":53,"column":53}},"26":{"start":{"line":57,"column":24},"end":{"line":57,"column":44}},"27":{"start":{"line":59,"column":2},"end":{"line":62,"column":6}},"28":{"start":{"line":59,"column":39},"end":{"line":62,"column":3}},"29":{"start":{"line":65,"column":0},"end":{"line":65,"column":47}}},"fnMap":{"0":{"name":"horaParaMinutos","decl":{"start":{"line":7,"column":9},"end":{"line":7,"column":24}},"loc":{"start":{"line":7,"column":31},"end":{"line":10,"column":1}},"line":7},"1":{"name":"minutosParaHora","decl":{"start":{"line":12,"column":9},"end":{"line":12,"column":24}},"loc":{"start":{"line":12,"column":34},"end":{"line":16,"column":1}},"line":12},"2":{"name":"gerarTodosHorarios","decl":{"start":{"line":18,"column":9},"end":{"line":18,"column":27}},"loc":{"start":{"line":18,"column":30},"end":{"line":28,"column":1}},"line":18},"3":{"name":"listarHorariosDisponiveis","decl":{"start":{"line":30,"column":15},"end":{"line":30,"column":40}},"loc":{"start":{"line":30,"column":72},"end":{"line":63,"column":1}},"line":30},"4":{"name":"(anonymous_4)","decl":{"start":{"line":48,"column":25},"end":{"line":48,"column":26}},"loc":{"start":{"line":48,"column":40},"end":{"line":55,"column":3}},"line":48},"5":{"name":"(anonymous_5)","decl":{"start":{"line":59,"column":27},"end":{"line":59,"column":28}},"loc":{"start":{"line":59,"column":39},"end":{"line":62,"column":3}},"line":59}},"branchMap":{"0":{"loc":{"start":{"line":30,"column":59},"end":{"line":30,"column":70}},"type":"default-arg","locations":[{"start":{"line":30,"column":64},"end":{"line":30,"column":70}}],"line":30},"1":{"loc":{"start":{"line":31,"column":2},"end":{"line":33,"column":3}},"type":"if","locations":[{"start":{"line":31,"column":2},"end":{"line":33,"column":3}},{"start":{},"end":{}}],"line":31},"2":{"loc":{"start":{"line":31,"column":6},"end":{"line":31,"column":26}},"type":"binary-expr","locations":[{"start":{"line":31,"column":6},"end":{"line":31,"column":17}},{"start":{"line":31,"column":21},"end":{"line":31,"column":26}}],"line":31}},"s":{"0":0,"1":0,"2":0,"3":0,"4":0,"5":0,"6":0,"7":0,"8":0,"9":0,"10":0,"11":0,"12":0,"13":0,"14":0,"15":0,"16":0,"17":0,"18":0,"19":0,"20":0,"21":0,"22":0,"23":0,"24":0,"25":0,"26":0,"27":0,"28":0,"29":0},"f":{"0":0,"1":0,"2":0,"3":0,"4":0,"5":0},"b":{"0":[0],"1":[0,0],"2":[0,0]}}
,"C:\\Users\\lucas\\Documents\\GitHub\\barbearia-app\\backend\\src\\services\\servicoService.js": {"path":"C:\\Users\\lucas\\Documents\\GitHub\\barbearia-app\\backend\\src\\services\\servicoService.js","statementMap":{"0":{"start":{"line":1,"column":15},"end":{"line":1,"column":46}},"1":{"start":{"line":4,"column":42},"end":{"line":4,"column":47}},"2":{"start":{"line":6,"column":2},"end":{"line":8,"column":3}},"3":{"start":{"line":7,"column":4},"end":{"line":7,"column":62}},"4":{"start":{"line":10,"column":20},"end":{"line":13,"column":3}},"5":{"start":{"line":15,"column":2},"end":{"line":15,"column":79}},"6":{"start":{"line":19,"column":20},"end":{"line":21,"column":3}},"7":{"start":{"line":22,"column":2},"end":{"line":22,"column":24}},"8":{"start":{"line":26,"column":42},"end":{"line":26,"column":47}},"9":{"start":{"line":28,"column":18},"end":{"line":28,"column":79}},"10":{"start":{"line":30,"column":2},"end":{"line":32,"column":3}},"11":{"start":{"line":31,"column":4},"end":{"line":31,"column":46}},"12":{"start":{"line":34,"column":2},"end":{"line":37,"column":4}},"13":{"start":{"line":39,"column":2},"end":{"line":39,"column":57}},"14":{"start":{"line":43,"column":18},"end":{"line":46,"column":3}},"15":{"start":{"line":48,"column":2},"end":{"line":50,"column":3}},"16":{"start":{"line":49,"column":4},"end":{"line":49,"column":46}},"17":{"start":{"line":52,"column":2},"end":{"line":54,"column":3}},"18":{"start":{"line":53,"column":4},"end":{"line":53,"column":50}},"19":{"start":{"line":56,"column":2},"end":{"line":56,"column":74}},"20":{"start":{"line":58,"column":2},"end":{"line":58,"column":57}},"21":{"start":{"line":61,"column":0},"end":{"line":66,"column":2}}},"fnMap":{"0":{"name":"criarServico","decl":{"start":{"line":3,"column":15},"end":{"line":3,"column":27}},"loc":{"start":{"line":3,"column":48},"end":{"line":16,"column":1}},"line":3},"1":{"name":"listarServicos","decl":{"start":{"line":18,"column":15},"end":{"line":18,"column":29}},"loc":{"start":{"line":18,"column":43},"end":{"line":23,"column":1}},"line":18},"2":{"name":"atualizarServico","decl":{"start":{"line":25,"column":15},"end":{"line":25,"column":31}},"loc":{"start":{"line":25,"column":56},"end":{"line":40,"column":1}},"line":25},"3":{"name":"desativarServico","decl":{"start":{"line":42,"column":15},"end":{"line":42,"column":31}},"loc":{"start":{"line":42,"column":49},"end":{"line":59,"column":1}},"line":42}},"branchMap":{"0":{"loc":{"start":{"line":3,"column":35},"end":{"line":3,"column":46}},"type":"default-arg","locations":[{"start":{"line":3,"column":40},"end":{"line":3,"column":46}}],"line":3},"1":{"loc":{"start":{"line":6,"column":2},"end":{"line":8,"column":3}},"type":"if","locations":[{"start":{"line":6,"column":2},"end":{"line":8,"column":3}},{"start":{},"end":{}}],"line":6},"2":{"loc":{"start":{"line":6,"column":6},"end":{"line":6,"column":40}},"type":"binary-expr","locations":[{"start":{"line":6,"column":6},"end":{"line":6,"column":11}},{"start":{"line":6,"column":15},"end":{"line":6,"column":21}},{"start":{"line":6,"column":25},"end":{"line":6,"column":40}}],"line":6},"3":{"loc":{"start":{"line":18,"column":30},"end":{"line":18,"column":41}},"type":"default-arg","locations":[{"start":{"line":18,"column":35},"end":{"line":18,"column":41}}],"line":18},"4":{"loc":{"start":{"line":25,"column":43},"end":{"line":25,"column":54}},"type":"default-arg","locations":[{"start":{"line":25,"column":48},"end":{"line":25,"column":54}}],"line":25},"5":{"loc":{"start":{"line":30,"column":2},"end":{"line":32,"column":3}},"type":"if","locations":[{"start":{"line":30,"column":2},"end":{"line":32,"column":3}},{"start":{},"end":{}}],"line":30},"6":{"loc":{"start":{"line":42,"column":36},"end":{"line":42,"column":47}},"type":"default-arg","locations":[{"start":{"line":42,"column":41},"end":{"line":42,"column":47}}],"line":42},"7":{"loc":{"start":{"line":48,"column":2},"end":{"line":50,"column":3}},"type":"if","locations":[{"start":{"line":48,"column":2},"end":{"line":50,"column":3}},{"start":{},"end":{}}],"line":48},"8":{"loc":{"start":{"line":52,"column":2},"end":{"line":54,"column":3}},"type":"if","locations":[{"start":{"line":52,"column":2},"end":{"line":54,"column":3}},{"start":{},"end":{}}],"line":52}},"s":{"0":0,"1":0,"2":0,"3":0,"4":0,"5":0,"6":0,"7":0,"8":0,"9":0,"10":0,"11":0,"12":0,"13":0,"14":0,"15":0,"16":0,"17":0,"18":0,"19":0,"20":0,"21":0},"f":{"0":0,"1":0,"2":0,"3":0},"b":{"0":[0],"1":[0,0],"2":[0,0,0],"3":[0],"4":[0],"5":[0,0],"6":[0],"7":[0,0],"8":[0,0]}}
}
