TN:
SF:src\services\agendamentoService.js
FN:3,(anonymous_0)
FN:4,(anonymous_1)
FN:24,(anonymous_2)
FN:35,(anonymous_3)
FN:40,(anonymous_4)
FN:62,(anonymous_5)
FN:66,(anonymous_6)
FN:67,(anonymous_7)
FN:83,(anonymous_8)
FN:89,(anonymous_9)
FN:104,(anonymous_10)
FN:131,(anonymous_11)
FN:132,(anonymous_12)
FN:150,(anonymous_13)
FN:151,(anonymous_14)
FN:167,(anonymous_15)
FN:173,(anonymous_16)
FNF:17
FNH:0
FNDA:0,(anonymous_0)
FNDA:0,(anonymous_1)
FNDA:0,(anonymous_2)
FNDA:0,(anonymous_3)
FNDA:0,(anonymous_4)
FNDA:0,(anonymous_5)
FNDA:0,(anonymous_6)
FNDA:0,(anonymous_7)
FNDA:0,(anonymous_8)
FNDA:0,(anonymous_9)
FNDA:0,(anonymous_10)
FNDA:0,(anonymous_11)
FNDA:0,(anonymous_12)
FNDA:0,(anonymous_13)
FNDA:0,(anonymous_14)
FNDA:0,(anonymous_15)
FNDA:0,(anonymous_16)
DA:1,0
DA:3,0
DA:4,0
DA:10,0
DA:16,0
DA:24,0
DA:25,0
DA:32,0
DA:35,0
DA:36,0
DA:37,0
DA:40,0
DA:41,0
DA:43,0
DA:47,0
DA:49,0
DA:53,0
DA:55,0
DA:59,0
DA:62,0
DA:63,0
DA:66,0
DA:67,0
DA:68,0
DA:79,0
DA:80,0
DA:83,0
DA:84,0
DA:89,0
DA:90,0
DA:104,0
DA:105,0
DA:116,0
DA:131,0
DA:132,0
DA:133,0
DA:144,0
DA:145,0
DA:146,0
DA:150,0
DA:151,0
DA:152,0
DA:163,0
DA:164,0
DA:167,0
DA:168,0
DA:173,0
DA:174,0
DA:185,0
DA:187,0
LF:50
LH:0
BRDA:28,0,0,0
BRDA:28,0,1,0
BRF:2
BRH:0
end_of_record
TN:
SF:src\services\authService.js
FN:7,cadastrarCliente
FN:43,login
FNF:2
FNH:0
FNDA:0,cadastrarCliente
FNDA:0,login
DA:1,0
DA:2,0
DA:3,0
DA:5,0
DA:8,0
DA:10,0
DA:11,0
DA:14,0
DA:19,0
DA:20,0
DA:23,0
DA:25,0
DA:30,0
DA:32,0
DA:37,0
DA:44,0
DA:46,0
DA:47,0
DA:50,0
DA:54,0
DA:55,0
DA:58,0
DA:60,0
DA:62,0
DA:63,0
DA:66,0
DA:70,0
DA:77,0
LF:28
LH:0
BRDA:7,0,0,0
BRDA:10,1,0,0
BRDA:10,1,1,0
BRDA:10,2,0,0
BRDA:10,2,1,0
BRDA:10,2,2,0
BRDA:10,2,3,0
BRDA:19,3,0,0
BRDA:19,3,1,0
BRDA:43,4,0,0
BRDA:46,5,0,0
BRDA:46,5,1,0
BRDA:46,6,0,0
BRDA:46,6,1,0
BRDA:54,7,0,0
BRDA:54,7,1,0
BRDA:62,8,0,0
BRDA:62,8,1,0
BRF:18
BRH:0
end_of_record
TN:
SF:src\services\barbeiroService.js
FN:4,criarBarbeiro
FN:46,listarBarbeiros
FNF:2
FNH:0
FNDA:0,criarBarbeiro
FNDA:0,listarBarbeiros
DA:1,0
DA:2,0
DA:5,0
DA:7,0
DA:8,0
DA:11,0
DA:16,0
DA:17,0
DA:20,0
DA:25,0
DA:26,0
DA:29,0
DA:31,0
DA:36,0
DA:38,0
DA:43,0
DA:47,0
DA:48,0
DA:51,0
LF:19
LH:0
BRDA:4,0,0,0
BRDA:7,1,0,0
BRDA:7,1,1,0
BRDA:7,2,0,0
BRDA:7,2,1,0
BRDA:7,2,2,0
BRDA:7,2,3,0
BRDA:16,3,0,0
BRDA:16,3,1,0
BRDA:25,4,0,0
BRDA:25,4,1,0
BRDA:46,5,0,0
BRF:12
BRH:0
end_of_record
TN:
SF:src\services\clienteService.js
FN:3,criarCliente
FN:27,listarClientes
FNF:2
FNH:0
FNDA:0,criarCliente
FNDA:0,listarClientes
DA:1,0
DA:4,0
DA:6,0
DA:7,0
DA:10,0
DA:15,0
DA:16,0
DA:19,0
DA:24,0
DA:28,0
DA:29,0
DA:32,0
LF:12
LH:0
BRDA:3,0,0,0
BRDA:6,1,0,0
BRDA:6,1,1,0
BRDA:6,2,0,0
BRDA:6,2,1,0
BRDA:15,3,0,0
BRDA:15,3,1,0
BRDA:27,4,0,0
BRF:8
BRH:0
end_of_record
TN:
SF:src\services\disponibilidadeService.js
FN:7,horaParaMinutos
FN:12,minutosParaHora
FN:18,gerarTodosHorarios
FN:30,listarHorariosDisponiveis
FN:48,(anonymous_4)
FN:59,(anonymous_5)
FNF:6
FNH:0
FNDA:0,horaParaMinutos
FNDA:0,minutosParaHora
FNDA:0,gerarTodosHorarios
FNDA:0,listarHorariosDisponiveis
FNDA:0,(anonymous_4)
FNDA:0,(anonymous_5)
DA:1,0
DA:3,0
DA:4,0
DA:5,0
DA:8,0
DA:9,0
DA:13,0
DA:14,0
DA:15,0
DA:19,0
DA:20,0
DA:21,0
DA:23,0
DA:24,0
DA:27,0
DA:31,0
DA:32,0
DA:35,0
DA:46,0
DA:48,0
DA:49,0
DA:50,0
DA:52,0
DA:53,0
DA:57,0
DA:59,0
DA:65,0
LF:27
LH:0
BRDA:30,0,0,0
BRDA:31,1,0,0
BRDA:31,1,1,0
BRDA:31,2,0,0
BRDA:31,2,1,0
BRF:5
BRH:0
end_of_record
TN:
SF:src\services\servicoService.js
FN:3,criarServico
FN:18,listarServicos
FN:25,atualizarServico
FN:42,desativarServico
FNF:4
FNH:0
FNDA:0,criarServico
FNDA:0,listarServicos
FNDA:0,atualizarServico
FNDA:0,desativarServico
DA:1,0
DA:4,0
DA:6,0
DA:7,0
DA:10,0
DA:15,0
DA:19,0
DA:22,0
DA:26,0
DA:28,0
DA:30,0
DA:31,0
DA:34,0
DA:39,0
DA:43,0
DA:48,0
DA:49,0
DA:52,0
DA:53,0
DA:56,0
DA:58,0
DA:61,0
LF:22
LH:0
BRDA:3,0,0,0
BRDA:6,1,0,0
BRDA:6,1,1,0
BRDA:6,2,0,0
BRDA:6,2,1,0
BRDA:6,2,2,0
BRDA:18,3,0,0
BRDA:25,4,0,0
BRDA:30,5,0,0
BRDA:30,5,1,0
BRDA:42,6,0,0
BRDA:48,7,0,0
BRDA:48,7,1,0
BRDA:52,8,0,0
BRDA:52,8,1,0
BRF:15
BRH:0
end_of_record
