TN:
SF:src\database\database.js
FNF:0
FNH:0
DA:1,1
DA:2,1
DA:4,1
DA:6,1
DA:8,1
DA:9,1
DA:11,1
LF:7
LH:7
BRF:0
BRH:0
end_of_record
TN:
SF:src\services\agendamentoService.js
FN:3,criarAgendamento
FN:27,listarAgendamentos
FN:43,cancelarAgendamento
FNF:3
FNH:3
FNDA:6,criarAgendamento
FNDA:1,listarAgendamentos
FNDA:4,cancelarAgendamento
DA:1,1
DA:4,6
DA:6,6
DA:7,1
DA:10,5
DA:15,5
DA:16,1
DA:19,4
DA:24,4
DA:28,1
DA:44,4
DA:48,4
DA:49,1
DA:52,3
DA:53,1
DA:56,2
DA:60,2
DA:63,1
LF:18
LH:18
BRDA:3,0,0,0
BRDA:6,1,0,1
BRDA:6,1,1,5
BRDA:6,2,0,6
BRDA:6,2,1,6
BRDA:6,2,2,6
BRDA:6,2,3,6
BRDA:6,2,4,5
BRDA:15,3,0,1
BRDA:15,3,1,4
BRDA:27,4,0,0
BRDA:43,5,0,0
BRDA:48,6,0,1
BRDA:48,6,1,3
BRDA:52,7,0,1
BRDA:52,7,1,2
BRF:16
BRH:13
end_of_record
